<?xml version="1.0" encoding="UTF-8"?>
<!-- Generated by org.testng.reporters.JUnitReportReporter -->
<testsuite hostname="LAPTOP-OBTDFSP2" failures="0" tests="1" name="gr.xe.selenium.qaChallenge.TestExample" time="9.422" errors="0" timestamp="2022-06-16T22:12:20 EEST" skipped="0">
  <testcase classname="gr.xe.selenium.qaChallenge.TestExample" name="visitXeClickJobsTab" time="9.422"/>
  <system-out/>
</testsuite> <!-- gr.xe.selenium.qaChallenge.TestExample -->
