<?xml version="1.0" encoding="UTF-8"?>
<!-- Generated by org.testng.reporters.JUnitReportReporter -->
<testsuite hostname="LAPTOP-OBTDFSP2" failures="0" tests="6" name="gr.xe.selenium.qaChallenge.SelectLandForSaleApplyPlotFilterSaveSearch" time="29.857" errors="0" timestamp="2022-06-17T00:28:01 EEST" skipped="3">
  <testcase classname="gr.xe.selenium.qaChallenge.SelectLandForSaleApplyPlotFilterSaveSearch" name="visitXeSelectLandForSaleFromCategoriesPerformSearchRefactored" time="9.540"/>
  <system-out/>
  <testcase classname="gr.xe.selenium.qaChallenge.SelectLandForSaleApplyPlotFilterSaveSearch" name="expandFiltersApplyPlotRefactored" time="5.414"/>
  <system-out/>
  <testcase classname="gr.xe.selenium.qaChallenge.SelectLandForSaleApplyPlotFilterSaveSearch" name="saveSearchRefactored" time="14.903"/>
  <system-out/>
  <testcase classname="gr.xe.selenium.qaChallenge.SelectLandForSaleApplyPlotFilterSaveSearch" name="expandFiltersApplyPlot">
    <skipped/>
  </testcase> <!-- expandFiltersApplyPlot -->
  <system-out/>
  <testcase classname="gr.xe.selenium.qaChallenge.SelectLandForSaleApplyPlotFilterSaveSearch" name="visitXeSelectLandForSaleFromCategoriesPerformSearch">
    <skipped/>
  </testcase> <!-- visitXeSelectLandForSaleFromCategoriesPerformSearch -->
  <system-out/>
  <testcase classname="gr.xe.selenium.qaChallenge.SelectLandForSaleApplyPlotFilterSaveSearch" name="saveSearch">
    <skipped/>
  </testcase> <!-- saveSearch -->
  <system-out/>
</testsuite> <!-- gr.xe.selenium.qaChallenge.SelectLandForSaleApplyPlotFilterSaveSearch -->
