<?xml version="1.0" encoding="UTF-8"?>
<!-- Generated by org.testng.reporters.JUnitReportReporter -->
<testsuite hostname="LAPTOP-OBTDFSP2" failures="0" tests="2" name="gr.xe.selenium.qaChallenge.XESimpleTestSuite" time="28.673" errors="0" timestamp="2022-06-17T03:06:58 EEST" skipped="0">
  <testcase classname="gr.xe.selenium.qaChallenge.XESimpleTestSuite" name="propertySearchTabTest" time="15.539"/>
  <system-out/>
  <testcase classname="gr.xe.selenium.qaChallenge.XESimpleTestSuite" name="checkPriceFiltersTest" time="13.134"/>
  <system-out/>
</testsuite> <!-- gr.xe.selenium.qaChallenge.XESimpleTestSuite -->
